[NX Daemon Server] - 2024-02-22T05:49:03.033Z - Started listening on: /var/folders/4z/rktlj0kj7ld8hggllych0mtm0000gn/T/bac30508883e243faf25/d.sock
[NX Daemon Server] - 2024-02-22T05:49:03.035Z - [WATCHER]: Subscribed to changes within: /Users/dexter/active/cesium-mvt-imagery-provider (native)
[NX Daemon Server] - 2024-02-22T05:49:03.035Z - Established a connection. Number of open connections: 1
[NX Daemon Server] - 2024-02-22T05:49:03.036Z - Established a connection. Number of open connections: 2
[NX Daemon Server] - 2024-02-22T05:49:03.037Z - Closed a connection. Number of open connections: 1
[NX Daemon Server] - 2024-02-22T05:49:03.037Z - [REQUEST]: Client Request for Project Graph Received
[NX Daemon Server] - 2024-02-22T05:49:03.038Z - [REQUEST]: Updated workspace context based on watched changes, recomputing project graph...
[NX Daemon Server] - 2024-02-22T05:49:03.038Z - [REQUEST]: 
[NX Daemon Server] - 2024-02-22T05:49:03.038Z - [REQUEST]: 
[NX Daemon Server] - 2024-02-22T05:49:03.098Z - Time taken for 'hash changed files from watcher' 0.14354200000001072ms
[NX Daemon Server] - 2024-02-22T05:49:03.726Z - [REQUEST]: Responding to the client. project-graph
[NX Daemon Server] - 2024-02-22T05:49:03.727Z - Time taken for 'total for creating and serializing project graph' 688.556667ms
[NX Daemon Server] - 2024-02-22T05:49:03.728Z - Done responding to the client project-graph
[NX Daemon Server] - 2024-02-22T05:49:03.728Z - Handled REQUEST_PROJECT_GRAPH. Handling time: 689. Response time: 2.
[NX Daemon Server] - 2024-02-22T05:49:03.764Z - [REQUEST]: Responding to the client. handleHashTasks
[NX Daemon Server] - 2024-02-22T05:49:03.764Z - Done responding to the client handleHashTasks
[NX Daemon Server] - 2024-02-22T05:49:03.764Z - Handled HASH_TASKS. Handling time: 6. Response time: 0.
[NX Daemon Server] - 2024-02-22T05:49:14.443Z - [WATCHER]: Processing file changes in outputs
[NX Daemon Server] - 2024-02-22T05:49:14.516Z - [WATCHER]: Processing file changes in outputs
[NX Daemon Server] - 2024-02-22T05:49:15.516Z - [WATCHER]: Processing file changes in outputs
[NX Daemon Server] - 2024-02-22T05:49:16.259Z - [REQUEST]: Responding to the client. recordOutputsHash
[NX Daemon Server] - 2024-02-22T05:49:16.259Z - Done responding to the client recordOutputsHash
[NX Daemon Server] - 2024-02-22T05:49:16.259Z - Handled RECORD_OUTPUTS_HASH. Handling time: 0. Response time: 0.
[NX Daemon Server] - 2024-02-22T05:49:16.331Z - [REQUEST]: Responding to the client. PROCESS_IN_BACKGROUND
[NX Daemon Server] - 2024-02-22T05:49:16.331Z - Done responding to the client PROCESS_IN_BACKGROUND
[NX Daemon Server] - 2024-02-22T05:49:16.331Z - Handled PROCESS_IN_BACKGROUND. Handling time: 41. Response time: 0.
[NX Daemon Server] - 2024-02-22T05:49:16.332Z - Uploading file artifacts
[NX Daemon Server] - 2024-02-22T05:49:16.332Z - Done uploading file artifacts
[NX Daemon Server] - 2024-02-22T05:49:16.332Z - Sending EndRun request
[NX Daemon Server] - 2024-02-22T05:49:16.359Z - Closed a connection. Number of open connections: 0
[NX Daemon Server] - 2024-02-22T05:49:16.920Z - Done sending EndRun request
[NX Daemon Server] - 2024-02-22T05:50:36.785Z - Established a connection. Number of open connections: 1
[NX Daemon Server] - 2024-02-22T05:50:36.785Z - Closed a connection. Number of open connections: 0
[NX Daemon Server] - 2024-02-22T05:50:36.785Z - Established a connection. Number of open connections: 1
[NX Daemon Server] - 2024-02-22T05:50:36.786Z - [REQUEST]: Client Request for Project Graph Received
[NX Daemon Server] - 2024-02-22T05:50:36.786Z - [REQUEST]: Responding to the client. project-graph
[NX Daemon Server] - 2024-02-22T05:50:36.787Z - Time taken for 'total for creating and serializing project graph' 0.09962500000256114ms
[NX Daemon Server] - 2024-02-22T05:50:36.788Z - Done responding to the client project-graph
[NX Daemon Server] - 2024-02-22T05:50:36.788Z - Handled REQUEST_PROJECT_GRAPH. Handling time: 0. Response time: 2.
[NX Daemon Server] - 2024-02-22T05:50:36.827Z - [REQUEST]: Responding to the client. handleHashTasks
[NX Daemon Server] - 2024-02-22T05:50:36.827Z - Done responding to the client handleHashTasks
[NX Daemon Server] - 2024-02-22T05:50:36.827Z - Handled HASH_TASKS. Handling time: 3. Response time: 0.
[NX Daemon Server] - 2024-02-22T05:50:45.406Z - [WATCHER]: Processing file changes in outputs
[NX Daemon Server] - 2024-02-22T05:50:45.523Z - [WATCHER]: Processing file changes in outputs
[NX Daemon Server] - 2024-02-22T05:50:46.485Z - [WATCHER]: Processing file changes in outputs
[NX Daemon Server] - 2024-02-22T05:50:47.215Z - [REQUEST]: Responding to the client. recordOutputsHash
[NX Daemon Server] - 2024-02-22T05:50:47.215Z - Done responding to the client recordOutputsHash
[NX Daemon Server] - 2024-02-22T05:50:47.215Z - Handled RECORD_OUTPUTS_HASH. Handling time: 0. Response time: 0.
[NX Daemon Server] - 2024-02-22T05:50:47.263Z - [REQUEST]: Responding to the client. PROCESS_IN_BACKGROUND
[NX Daemon Server] - 2024-02-22T05:50:47.263Z - Done responding to the client PROCESS_IN_BACKGROUND
[NX Daemon Server] - 2024-02-22T05:50:47.263Z - Handled PROCESS_IN_BACKGROUND. Handling time: 18. Response time: 0.
[NX Daemon Server] - 2024-02-22T05:50:47.264Z - Uploading file artifacts
[NX Daemon Server] - 2024-02-22T05:50:47.264Z - Done uploading file artifacts
[NX Daemon Server] - 2024-02-22T05:50:47.264Z - Sending EndRun request
[NX Daemon Server] - 2024-02-22T05:50:47.266Z - Closed a connection. Number of open connections: 0
[NX Daemon Server] - 2024-02-22T05:50:47.752Z - Done sending EndRun request
[NX Daemon Server] - 2024-02-22T05:56:13.577Z - [WATCHER]: Processing file changes in outputs
[NX Daemon Server] - 2024-02-22T05:56:13.578Z - [WATCHER]: Stopping the watcher for /Users/dexter/active/cesium-mvt-imagery-provider (sources)
[NX Daemon Server] - 2024-02-22T05:56:13.578Z - [WATCHER]: Stopping the watcher for /Users/dexter/active/cesium-mvt-imagery-provider (outputs)
[NX Daemon Server] - 2024-02-22T05:56:13.578Z - Server stopped because: "Lock file changed"
[NX Daemon Server] - 2024-02-22T05:56:16.466Z - Started listening on: /var/folders/4z/rktlj0kj7ld8hggllych0mtm0000gn/T/bac30508883e243faf25/d.sock
[NX Daemon Server] - 2024-02-22T05:56:16.468Z - [WATCHER]: Subscribed to changes within: /Users/dexter/active/cesium-mvt-imagery-provider (native)
[NX Daemon Server] - 2024-02-22T05:56:16.477Z - Established a connection. Number of open connections: 1
[NX Daemon Server] - 2024-02-22T05:56:16.478Z - Established a connection. Number of open connections: 2
[NX Daemon Server] - 2024-02-22T05:56:16.479Z - Closed a connection. Number of open connections: 1
[NX Daemon Server] - 2024-02-22T05:56:16.479Z - [REQUEST]: Client Request for Project Graph Received
[NX Daemon Server] - 2024-02-22T05:56:16.480Z - [REQUEST]: Updated workspace context based on watched changes, recomputing project graph...
[NX Daemon Server] - 2024-02-22T05:56:16.480Z - [REQUEST]: 
[NX Daemon Server] - 2024-02-22T05:56:16.480Z - [REQUEST]: 
[NX Daemon Server] - 2024-02-22T05:56:16.682Z - Time taken for 'hash changed files from watcher' 0.16900000000001114ms
[NX Daemon Server] - 2024-02-22T05:56:17.389Z - Time taken for '@nx/vite/plugin:createNodes:vite.config.ts' 827.7795ms
[NX Daemon Server] - 2024-02-22T05:56:17.423Z - [REQUEST]: Responding to the client. project-graph
[NX Daemon Server] - 2024-02-22T05:56:17.424Z - Time taken for 'total for creating and serializing project graph' 943.949458ms
[NX Daemon Server] - 2024-02-22T05:56:17.425Z - Done responding to the client project-graph
[NX Daemon Server] - 2024-02-22T05:56:17.425Z - Handled REQUEST_PROJECT_GRAPH. Handling time: 944. Response time: 2.
[NX Daemon Server] - 2024-02-22T05:56:17.466Z - [REQUEST]: Responding to the client. handleHashTasks
[NX Daemon Server] - 2024-02-22T05:56:17.468Z - Done responding to the client handleHashTasks
[NX Daemon Server] - 2024-02-22T05:56:17.468Z - Handled HASH_TASKS. Handling time: 6. Response time: 2.
[NX Daemon Server] - 2024-02-22T05:56:25.996Z - [WATCHER]: Processing file changes in outputs
[NX Daemon Server] - 2024-02-22T05:56:26.111Z - [WATCHER]: Processing file changes in outputs
[NX Daemon Server] - 2024-02-22T05:56:27.066Z - [WATCHER]: Processing file changes in outputs
[NX Daemon Server] - 2024-02-22T05:56:27.789Z - [WATCHER]: Processing file changes in outputs
[NX Daemon Server] - 2024-02-22T05:56:27.807Z - [REQUEST]: Responding to the client. recordOutputsHash
[NX Daemon Server] - 2024-02-22T05:56:27.807Z - Done responding to the client recordOutputsHash
[NX Daemon Server] - 2024-02-22T05:56:27.807Z - Handled RECORD_OUTPUTS_HASH. Handling time: 0. Response time: 0.
[NX Daemon Server] - 2024-02-22T05:56:27.895Z - [REQUEST]: Responding to the client. PROCESS_IN_BACKGROUND
[NX Daemon Server] - 2024-02-22T05:56:27.895Z - Done responding to the client PROCESS_IN_BACKGROUND
[NX Daemon Server] - 2024-02-22T05:56:27.896Z - Handled PROCESS_IN_BACKGROUND. Handling time: 40. Response time: 1.
[NX Daemon Server] - 2024-02-22T05:56:27.896Z - [WATCHER]: Processing file changes in outputs
[NX Daemon Server] - 2024-02-22T05:56:27.897Z - Uploading file artifacts
[NX Daemon Server] - 2024-02-22T05:56:27.901Z - Closed a connection. Number of open connections: 0
[NX Daemon Server] - 2024-02-22T05:56:29.437Z - Done uploading file artifacts
[NX Daemon Server] - 2024-02-22T05:56:29.437Z - Sending EndRun request
[NX Daemon Server] - 2024-02-22T05:56:29.845Z - Done sending EndRun request
[NX Daemon Server] - 2024-02-22T06:00:14.743Z - Established a connection. Number of open connections: 1
[NX Daemon Server] - 2024-02-22T06:00:14.744Z - Established a connection. Number of open connections: 2
[NX Daemon Server] - 2024-02-22T06:00:14.744Z - Closed a connection. Number of open connections: 1
[NX Daemon Server] - 2024-02-22T06:00:14.745Z - [REQUEST]: Client Request for Project Graph Received
[NX Daemon Server] - 2024-02-22T06:00:14.746Z - [REQUEST]: Responding to the client. project-graph
[NX Daemon Server] - 2024-02-22T06:00:14.747Z - Time taken for 'total for creating and serializing project graph' 0.2062910000095144ms
[NX Daemon Server] - 2024-02-22T06:00:14.748Z - Done responding to the client project-graph
[NX Daemon Server] - 2024-02-22T06:00:14.748Z - Handled REQUEST_PROJECT_GRAPH. Handling time: 1. Response time: 2.
[NX Daemon Server] - 2024-02-22T06:00:14.790Z - [REQUEST]: Responding to the client. handleHashTasks
[NX Daemon Server] - 2024-02-22T06:00:14.790Z - Done responding to the client handleHashTasks
[NX Daemon Server] - 2024-02-22T06:00:14.790Z - Handled HASH_TASKS. Handling time: 4. Response time: 0.
[NX Daemon Server] - 2024-02-22T06:00:15.587Z - [REQUEST]: Responding to the client. recordOutputsHash
[NX Daemon Server] - 2024-02-22T06:00:15.587Z - Done responding to the client recordOutputsHash
[NX Daemon Server] - 2024-02-22T06:00:15.587Z - Handled RECORD_OUTPUTS_HASH. Handling time: 0. Response time: 0.
[NX Daemon Server] - 2024-02-22T06:00:15.642Z - [REQUEST]: Responding to the client. PROCESS_IN_BACKGROUND
[NX Daemon Server] - 2024-02-22T06:00:15.642Z - Done responding to the client PROCESS_IN_BACKGROUND
[NX Daemon Server] - 2024-02-22T06:00:15.642Z - Handled PROCESS_IN_BACKGROUND. Handling time: 25. Response time: 0.
[NX Daemon Server] - 2024-02-22T06:00:15.642Z - Uploading file artifacts
[NX Daemon Server] - 2024-02-22T06:00:15.642Z - Done uploading file artifacts
[NX Daemon Server] - 2024-02-22T06:00:15.642Z - Sending EndRun request
[NX Daemon Server] - 2024-02-22T06:00:15.647Z - Closed a connection. Number of open connections: 0
[NX Daemon Server] - 2024-02-22T06:00:16.068Z - Done sending EndRun request
[NX Daemon Server] - 2024-02-22T06:00:23.297Z - Established a connection. Number of open connections: 1
[NX Daemon Server] - 2024-02-22T06:00:23.298Z - Closed a connection. Number of open connections: 0
[NX Daemon Server] - 2024-02-22T06:00:23.298Z - Established a connection. Number of open connections: 1
[NX Daemon Server] - 2024-02-22T06:00:23.299Z - [REQUEST]: Client Request for Project Graph Received
[NX Daemon Server] - 2024-02-22T06:00:23.299Z - [REQUEST]: Responding to the client. project-graph
[NX Daemon Server] - 2024-02-22T06:00:23.300Z - Time taken for 'total for creating and serializing project graph' 0.06212499999674037ms
[NX Daemon Server] - 2024-02-22T06:00:23.301Z - Done responding to the client project-graph
[NX Daemon Server] - 2024-02-22T06:00:23.301Z - Handled REQUEST_PROJECT_GRAPH. Handling time: 0. Response time: 2.
[NX Daemon Server] - 2024-02-22T06:00:23.330Z - [REQUEST]: Responding to the client. handleHashTasks
[NX Daemon Server] - 2024-02-22T06:00:23.330Z - Done responding to the client handleHashTasks
[NX Daemon Server] - 2024-02-22T06:00:23.330Z - Handled HASH_TASKS. Handling time: 2. Response time: 1.
[NX Daemon Server] - 2024-02-22T06:00:23.382Z - [REQUEST]: Responding to the client. outputsHashesMatch
[NX Daemon Server] - 2024-02-22T06:00:23.382Z - Done responding to the client outputsHashesMatch
[NX Daemon Server] - 2024-02-22T06:00:23.382Z - Handled OUTPUTS_HASHES_MATCH. Handling time: 1. Response time: 0.
[NX Daemon Server] - 2024-02-22T06:00:23.384Z - [REQUEST]: Responding to the client. recordOutputsHash
[NX Daemon Server] - 2024-02-22T06:00:23.384Z - Done responding to the client recordOutputsHash
[NX Daemon Server] - 2024-02-22T06:00:23.384Z - Handled RECORD_OUTPUTS_HASH. Handling time: 0. Response time: 0.
[NX Daemon Server] - 2024-02-22T06:00:23.425Z - [REQUEST]: Responding to the client. PROCESS_IN_BACKGROUND
[NX Daemon Server] - 2024-02-22T06:00:23.425Z - Done responding to the client PROCESS_IN_BACKGROUND
[NX Daemon Server] - 2024-02-22T06:00:23.426Z - Handled PROCESS_IN_BACKGROUND. Handling time: 16. Response time: 0.
[NX Daemon Server] - 2024-02-22T06:00:23.427Z - Uploading file artifacts
[NX Daemon Server] - 2024-02-22T06:00:23.427Z - Done uploading file artifacts
[NX Daemon Server] - 2024-02-22T06:00:23.427Z - Sending EndRun request
[NX Daemon Server] - 2024-02-22T06:00:23.429Z - Closed a connection. Number of open connections: 0
[NX Daemon Server] - 2024-02-22T06:00:23.437Z - [WATCHER]: Processing file changes in outputs
[NX Daemon Server] - 2024-02-22T06:00:23.852Z - Done sending EndRun request
[NX Daemon Server] - 2024-02-22T07:41:46.309Z - Established a connection. Number of open connections: 1
[NX Daemon Server] - 2024-02-22T07:41:46.310Z - Established a connection. Number of open connections: 2
[NX Daemon Server] - 2024-02-22T07:41:46.310Z - Closed a connection. Number of open connections: 1
[NX Daemon Server] - 2024-02-22T07:41:46.311Z - [REQUEST]: Client Request for Project Graph Received
[NX Daemon Server] - 2024-02-22T07:41:46.312Z - [REQUEST]: Responding to the client. project-graph
[NX Daemon Server] - 2024-02-22T07:41:46.313Z - Time taken for 'total for creating and serializing project graph' 0.3879169998690486ms
[NX Daemon Server] - 2024-02-22T07:41:46.314Z - Done responding to the client project-graph
[NX Daemon Server] - 2024-02-22T07:41:46.314Z - Handled REQUEST_PROJECT_GRAPH. Handling time: 1. Response time: 2.
[NX Daemon Server] - 2024-02-22T07:41:46.358Z - [REQUEST]: Responding to the client. handleHashTasks
[NX Daemon Server] - 2024-02-22T07:41:46.358Z - Done responding to the client handleHashTasks
[NX Daemon Server] - 2024-02-22T07:41:46.358Z - Handled HASH_TASKS. Handling time: 4. Response time: 0.
[NX Daemon Server] - 2024-02-22T07:41:47.174Z - [REQUEST]: Responding to the client. outputsHashesMatch
[NX Daemon Server] - 2024-02-22T07:41:47.174Z - Done responding to the client outputsHashesMatch
[NX Daemon Server] - 2024-02-22T07:41:47.174Z - Handled OUTPUTS_HASHES_MATCH. Handling time: 1. Response time: 0.
[NX Daemon Server] - 2024-02-22T07:41:47.175Z - [REQUEST]: Responding to the client. recordOutputsHash
[NX Daemon Server] - 2024-02-22T07:41:47.175Z - Done responding to the client recordOutputsHash
[NX Daemon Server] - 2024-02-22T07:41:47.175Z - Handled RECORD_OUTPUTS_HASH. Handling time: 0. Response time: 0.
[NX Daemon Server] - 2024-02-22T07:41:47.223Z - [REQUEST]: Responding to the client. PROCESS_IN_BACKGROUND
[NX Daemon Server] - 2024-02-22T07:41:47.223Z - Done responding to the client PROCESS_IN_BACKGROUND
[NX Daemon Server] - 2024-02-22T07:41:47.223Z - Handled PROCESS_IN_BACKGROUND. Handling time: 22. Response time: 0.
[NX Daemon Server] - 2024-02-22T07:41:47.224Z - Uploading file artifacts
[NX Daemon Server] - 2024-02-22T07:41:47.224Z - Done uploading file artifacts
[NX Daemon Server] - 2024-02-22T07:41:47.224Z - Sending EndRun request
[NX Daemon Server] - 2024-02-22T07:41:47.227Z - Closed a connection. Number of open connections: 0
[NX Daemon Server] - 2024-02-22T07:41:47.635Z - Done sending EndRun request
[NX Daemon Server] - 2024-02-22T07:48:27.995Z - [WATCHER]: Processing file changes in outputs
[NX Daemon Server] - 2024-02-22T07:48:28.003Z - [WATCHER]: .eslintignore was modified
[NX Daemon Server] - 2024-02-22T07:48:28.105Z - [REQUEST]: Updated workspace context based on watched changes, recomputing project graph...
[NX Daemon Server] - 2024-02-22T07:48:28.106Z - [REQUEST]: .eslintignore
[NX Daemon Server] - 2024-02-22T07:48:28.106Z - [REQUEST]: 
[NX Daemon Server] - 2024-02-22T07:48:28.137Z - Time taken for 'hash changed files from watcher' 0.49462500028312206ms
[NX Daemon Server] - 2024-02-22T07:48:28.169Z - Time taken for '@nx/vite/plugin:createNodes:vite.config.ts' 51.66254199948162ms
[NX Daemon Server] - 2024-02-22T07:48:28.187Z - Time taken for 'build-project-configs' 58.418166999705136ms
[NX Daemon Server] - 2024-02-22T07:50:53.654Z - [WATCHER]: vite.config.ts was modified
[NX Daemon Server] - 2024-02-22T07:50:53.654Z - [WATCHER]: Processing file changes in outputs
[NX Daemon Server] - 2024-02-22T07:50:53.855Z - [REQUEST]: Updated workspace context based on watched changes, recomputing project graph...
[NX Daemon Server] - 2024-02-22T07:50:53.855Z - [REQUEST]: vite.config.ts
[NX Daemon Server] - 2024-02-22T07:50:53.855Z - [REQUEST]: 
[NX Daemon Server] - 2024-02-22T07:50:53.874Z - Time taken for 'hash changed files from watcher' 0.19604200031608343ms
[NX Daemon Server] - 2024-02-22T07:50:53.900Z - Time taken for '@nx/vite/plugin:createNodes:vite.config.ts' 37.27933300007135ms
[NX Daemon Server] - 2024-02-22T07:50:53.914Z - Time taken for 'build-project-configs' 43.01974999997765ms
[NX Daemon Server] - 2024-02-22T07:50:58.199Z - [WATCHER]: vite.config.ts was modified
[NX Daemon Server] - 2024-02-22T07:50:58.199Z - [WATCHER]: Processing file changes in outputs
[NX Daemon Server] - 2024-02-22T07:50:58.600Z - [REQUEST]: Updated workspace context based on watched changes, recomputing project graph...
[NX Daemon Server] - 2024-02-22T07:50:58.601Z - [REQUEST]: vite.config.ts
[NX Daemon Server] - 2024-02-22T07:50:58.601Z - [REQUEST]: 
[NX Daemon Server] - 2024-02-22T07:50:58.622Z - Time taken for 'hash changed files from watcher' 0.3652079999446869ms
[NX Daemon Server] - 2024-02-22T07:50:58.643Z - Time taken for '@nx/vite/plugin:createNodes:vite.config.ts' 35.171958999708295ms
[NX Daemon Server] - 2024-02-22T07:50:58.658Z - Time taken for 'build-project-configs' 40.502708999440074ms
[NX Daemon Server] - 2024-02-22T07:51:02.143Z - [WATCHER]: vite.config.ts was modified
[NX Daemon Server] - 2024-02-22T07:51:02.143Z - [WATCHER]: Processing file changes in outputs
[NX Daemon Server] - 2024-02-22T07:51:02.943Z - [REQUEST]: Updated workspace context based on watched changes, recomputing project graph...
[NX Daemon Server] - 2024-02-22T07:51:02.944Z - [REQUEST]: vite.config.ts
[NX Daemon Server] - 2024-02-22T07:51:02.944Z - [REQUEST]: 
[NX Daemon Server] - 2024-02-22T07:51:02.963Z - Time taken for 'hash changed files from watcher' 0.3609579997137189ms
[NX Daemon Server] - 2024-02-22T07:51:02.986Z - Time taken for '@nx/vite/plugin:createNodes:vite.config.ts' 36.26041699945927ms
[NX Daemon Server] - 2024-02-22T07:51:03.002Z - Time taken for 'build-project-configs' 40.953832999803126ms
[NX Daemon Server] - 2024-02-22T07:51:17.098Z - Established a connection. Number of open connections: 1
[NX Daemon Server] - 2024-02-22T07:51:17.099Z - Closed a connection. Number of open connections: 0
[NX Daemon Server] - 2024-02-22T07:51:17.099Z - Established a connection. Number of open connections: 1
[NX Daemon Server] - 2024-02-22T07:51:17.100Z - [REQUEST]: Client Request for Project Graph Received
[NX Daemon Server] - 2024-02-22T07:51:17.100Z - [REQUEST]: Responding to the client. project-graph
[NX Daemon Server] - 2024-02-22T07:51:17.101Z - Time taken for 'total for creating and serializing project graph' 0.0860829995945096ms
[NX Daemon Server] - 2024-02-22T07:51:17.102Z - Done responding to the client project-graph
[NX Daemon Server] - 2024-02-22T07:51:17.102Z - Handled REQUEST_PROJECT_GRAPH. Handling time: 0. Response time: 2.
[NX Daemon Server] - 2024-02-22T07:51:17.150Z - [REQUEST]: Responding to the client. handleHashTasks
[NX Daemon Server] - 2024-02-22T07:51:17.151Z - Done responding to the client handleHashTasks
[NX Daemon Server] - 2024-02-22T07:51:17.151Z - Handled HASH_TASKS. Handling time: 6. Response time: 1.
[NX Daemon Server] - 2024-02-22T07:51:27.092Z - [WATCHER]: Processing file changes in outputs
[NX Daemon Server] - 2024-02-22T07:51:28.285Z - [WATCHER]: Processing file changes in outputs
[NX Daemon Server] - 2024-02-22T07:51:29.112Z - [WATCHER]: Processing file changes in outputs
[NX Daemon Server] - 2024-02-22T07:51:29.158Z - [REQUEST]: Responding to the client. recordOutputsHash
[NX Daemon Server] - 2024-02-22T07:51:29.158Z - Done responding to the client recordOutputsHash
[NX Daemon Server] - 2024-02-22T07:51:29.158Z - Handled RECORD_OUTPUTS_HASH. Handling time: 0. Response time: 0.
[NX Daemon Server] - 2024-02-22T07:51:29.235Z - [REQUEST]: Responding to the client. PROCESS_IN_BACKGROUND
[NX Daemon Server] - 2024-02-22T07:51:29.235Z - Done responding to the client PROCESS_IN_BACKGROUND
[NX Daemon Server] - 2024-02-22T07:51:29.235Z - Handled PROCESS_IN_BACKGROUND. Handling time: 27. Response time: 0.
[NX Daemon Server] - 2024-02-22T07:51:29.235Z - [WATCHER]: Processing file changes in outputs
[NX Daemon Server] - 2024-02-22T07:51:29.236Z - Uploading file artifacts
[NX Daemon Server] - 2024-02-22T07:51:29.239Z - Closed a connection. Number of open connections: 0
[NX Daemon Server] - 2024-02-22T07:51:30.567Z - Done uploading file artifacts
[NX Daemon Server] - 2024-02-22T07:51:30.567Z - Sending EndRun request
[NX Daemon Server] - 2024-02-22T07:51:30.990Z - Done sending EndRun request
[NX Daemon Server] - 2024-02-22T07:52:32.888Z - [WATCHER]: 0 file(s) created or restored, 1 file(s) modified, 1 file(s) deleted
[NX Daemon Server] - 2024-02-22T07:52:32.888Z - [WATCHER]: Processing file changes in outputs
[NX Daemon Server] - 2024-02-22T07:52:32.990Z - [REQUEST]: Updated workspace context based on watched changes, recomputing project graph...
[NX Daemon Server] - 2024-02-22T07:52:32.990Z - [REQUEST]: .eslintrc.json
[NX Daemon Server] - 2024-02-22T07:52:32.990Z - [REQUEST]: .eslintignore
[NX Daemon Server] - 2024-02-22T07:52:33.010Z - Time taken for 'hash changed files from watcher' 0.28320799954235554ms
[NX Daemon Server] - 2024-02-22T07:52:33.048Z - Time taken for '@nx/vite/plugin:createNodes:example/vite.config.ts' 52.46670799981803ms
[NX Daemon Server] - 2024-02-22T07:52:33.064Z - Time taken for 'build-project-configs' 56.18720799963921ms
[NX Daemon Server] - 2024-02-22T07:52:37.937Z - [WATCHER]: .eslintrc.yml was deleted
[NX Daemon Server] - 2024-02-22T07:52:37.937Z - [WATCHER]: Processing file changes in outputs
[NX Daemon Server] - 2024-02-22T07:52:38.138Z - [REQUEST]: Updated workspace context based on watched changes, recomputing project graph...
[NX Daemon Server] - 2024-02-22T07:52:38.138Z - [REQUEST]: 
[NX Daemon Server] - 2024-02-22T07:52:38.138Z - [REQUEST]: .eslintrc.yml
[NX Daemon Server] - 2024-02-22T07:52:38.155Z - Time taken for 'hash changed files from watcher' 0.07370899990200996ms
[NX Daemon Server] - 2024-02-22T07:52:38.178Z - Time taken for '@nx/vite/plugin:createNodes:example/vite.config.ts' 36.6310419999063ms
[NX Daemon Server] - 2024-02-22T07:52:38.190Z - Time taken for 'build-project-configs' 39.49637500010431ms
[NX Daemon Server] - 2024-02-22T07:52:44.394Z - Established a connection. Number of open connections: 1
[NX Daemon Server] - 2024-02-22T07:52:44.395Z - Closed a connection. Number of open connections: 0
[NX Daemon Server] - 2024-02-22T07:52:44.395Z - Established a connection. Number of open connections: 1
[NX Daemon Server] - 2024-02-22T07:52:44.396Z - [REQUEST]: Client Request for Project Graph Received
[NX Daemon Server] - 2024-02-22T07:52:44.396Z - [REQUEST]: Responding to the client. project-graph
[NX Daemon Server] - 2024-02-22T07:52:44.397Z - Time taken for 'total for creating and serializing project graph' 0.13908400014042854ms
[NX Daemon Server] - 2024-02-22T07:52:44.398Z - Done responding to the client project-graph
[NX Daemon Server] - 2024-02-22T07:52:44.398Z - Handled REQUEST_PROJECT_GRAPH. Handling time: 0. Response time: 2.
[NX Daemon Server] - 2024-02-22T07:52:44.443Z - [REQUEST]: Responding to the client. handleHashTasks
[NX Daemon Server] - 2024-02-22T07:52:44.443Z - Done responding to the client handleHashTasks
[NX Daemon Server] - 2024-02-22T07:52:44.443Z - Handled HASH_TASKS. Handling time: 7. Response time: 0.
[NX Daemon Server] - 2024-02-22T07:52:54.176Z - [WATCHER]: Processing file changes in outputs
[NX Daemon Server] - 2024-02-22T07:52:55.311Z - [WATCHER]: Processing file changes in outputs
[NX Daemon Server] - 2024-02-22T07:52:56.100Z - [WATCHER]: Processing file changes in outputs
[NX Daemon Server] - 2024-02-22T07:52:56.134Z - [REQUEST]: Responding to the client. recordOutputsHash
[NX Daemon Server] - 2024-02-22T07:52:56.135Z - Done responding to the client recordOutputsHash
[NX Daemon Server] - 2024-02-22T07:52:56.135Z - Handled RECORD_OUTPUTS_HASH. Handling time: 0. Response time: 1.
[NX Daemon Server] - 2024-02-22T07:52:56.205Z - [REQUEST]: Responding to the client. PROCESS_IN_BACKGROUND
[NX Daemon Server] - 2024-02-22T07:52:56.205Z - Done responding to the client PROCESS_IN_BACKGROUND
[NX Daemon Server] - 2024-02-22T07:52:56.205Z - Handled PROCESS_IN_BACKGROUND. Handling time: 18. Response time: 0.
[NX Daemon Server] - 2024-02-22T07:52:56.205Z - [WATCHER]: Processing file changes in outputs
[NX Daemon Server] - 2024-02-22T07:52:56.206Z - Uploading file artifacts
[NX Daemon Server] - 2024-02-22T07:52:56.212Z - Closed a connection. Number of open connections: 0
[NX Daemon Server] - 2024-02-22T07:52:58.913Z - Done uploading file artifacts
[NX Daemon Server] - 2024-02-22T07:52:58.913Z - Sending EndRun request
[NX Daemon Server] - 2024-02-22T07:52:59.357Z - Done sending EndRun request
[NX Daemon Server] - 2024-02-22T10:52:56.167Z - [WATCHER]: Stopping the watcher for /Users/dexter/active/cesium-mvt-imagery-provider (sources)
[NX Daemon Server] - 2024-02-22T10:52:56.168Z - [WATCHER]: Stopping the watcher for /Users/dexter/active/cesium-mvt-imagery-provider (outputs)
[NX Daemon Server] - 2024-02-22T10:52:56.169Z - Server stopped because: "10800000ms of inactivity"
[NX Daemon Server] - 2024-03-06T04:56:45.764Z - Started listening on: /var/folders/4z/rktlj0kj7ld8hggllych0mtm0000gn/T/bac30508883e243faf25/d.sock
[NX Daemon Server] - 2024-03-06T04:56:45.767Z - [WATCHER]: Subscribed to changes within: /Users/dexter/active/cesium-mvt-imagery-provider (native)
[NX Daemon Server] - 2024-03-06T04:56:45.768Z - Established a connection. Number of open connections: 1
[NX Daemon Server] - 2024-03-06T04:56:45.769Z - Established a connection. Number of open connections: 2
[NX Daemon Server] - 2024-03-06T04:56:45.769Z - Closed a connection. Number of open connections: 1
[NX Daemon Server] - 2024-03-06T04:56:45.770Z - [REQUEST]: Client Request for Project Graph Received
[NX Daemon Server] - 2024-03-06T04:56:45.770Z - [REQUEST]: Updated workspace context based on watched changes, recomputing project graph...
[NX Daemon Server] - 2024-03-06T04:56:45.770Z - [REQUEST]: 
[NX Daemon Server] - 2024-03-06T04:56:45.770Z - [REQUEST]: 
[NX Daemon Server] - 2024-03-06T04:56:46.071Z - Time taken for 'hash changed files from watcher' 0.08612499999999557ms
[NX Daemon Server] - 2024-03-06T04:56:46.991Z - Time taken for '@nx/vite/plugin:createNodes:vite.config.ts' 1104.3207909999999ms
[NX Daemon Server] - 2024-03-06T04:56:47.023Z - [REQUEST]: Responding to the client. project-graph
[NX Daemon Server] - 2024-03-06T04:56:47.026Z - Time taken for 'total for creating and serializing project graph' 1252.791542ms
[NX Daemon Server] - 2024-03-06T04:56:47.027Z - Done responding to the client project-graph
[NX Daemon Server] - 2024-03-06T04:56:47.027Z - Handled REQUEST_PROJECT_GRAPH. Handling time: 1253. Response time: 4.
[NX Daemon Server] - 2024-03-06T04:56:47.073Z - [REQUEST]: Responding to the client. handleHashTasks
[NX Daemon Server] - 2024-03-06T04:56:47.073Z - Done responding to the client handleHashTasks
[NX Daemon Server] - 2024-03-06T04:56:47.073Z - Handled HASH_TASKS. Handling time: 7. Response time: 0.
[NX Daemon Server] - 2024-03-06T04:56:59.089Z - [WATCHER]: Processing file changes in outputs
[NX Daemon Server] - 2024-03-06T04:56:59.174Z - [WATCHER]: Processing file changes in outputs
[NX Daemon Server] - 2024-03-06T04:57:00.781Z - [WATCHER]: Processing file changes in outputs
[NX Daemon Server] - 2024-03-06T04:57:01.697Z - [WATCHER]: Processing file changes in outputs
[NX Daemon Server] - 2024-03-06T04:57:01.744Z - [REQUEST]: Responding to the client. recordOutputsHash
[NX Daemon Server] - 2024-03-06T04:57:01.745Z - Done responding to the client recordOutputsHash
[NX Daemon Server] - 2024-03-06T04:57:01.745Z - Handled RECORD_OUTPUTS_HASH. Handling time: 0. Response time: 1.
[NX Daemon Server] - 2024-03-06T04:57:01.850Z - [REQUEST]: Responding to the client. PROCESS_IN_BACKGROUND
[NX Daemon Server] - 2024-03-06T04:57:01.850Z - Done responding to the client PROCESS_IN_BACKGROUND
[NX Daemon Server] - 2024-03-06T04:57:01.850Z - Handled PROCESS_IN_BACKGROUND. Handling time: 52. Response time: 0.
[NX Daemon Server] - 2024-03-06T04:57:01.850Z - [WATCHER]: Processing file changes in outputs
[NX Daemon Server] - 2024-03-06T04:57:01.851Z - Uploading file artifacts
[NX Daemon Server] - 2024-03-06T04:57:01.851Z - Done uploading file artifacts
[NX Daemon Server] - 2024-03-06T04:57:01.851Z - Sending EndRun request
[NX Daemon Server] - 2024-03-06T04:57:01.880Z - Closed a connection. Number of open connections: 0
[NX Daemon Server] - 2024-03-06T04:57:02.231Z - Error when sending EndRun
Error: This workspace is more than a week old and is not connected. Workspaces must be connected within 7 days of creation. Claim your workspace at https://cloud.nx.app
    at Timeout._onTimeout (/Users/dexter/active/cesium-mvt-imagery-provider/.nx/cache/cloud/2403.05.3/lib/daemon/process-run-end.js:24:5441)
    at process.processTicksAndRejections (node:internal/process/task_queues:95:5)
[NX Daemon Server] - 2024-03-06T05:04:23.961Z - [WATCHER]: nx.json was deleted
[NX Daemon Server] - 2024-03-06T05:04:23.963Z - [WATCHER]: Processing file changes in outputs
[NX Daemon Server] - 2024-03-06T05:04:24.064Z - [REQUEST]: Updated workspace context based on watched changes, recomputing project graph...
[NX Daemon Server] - 2024-03-06T05:04:24.064Z - [REQUEST]: 
[NX Daemon Server] - 2024-03-06T05:04:24.064Z - [REQUEST]: nx.json
[NX Daemon Server] - 2024-03-06T05:04:24.110Z - Time taken for 'hash changed files from watcher' 0.1896670000278391ms
[NX Daemon Server] - 2024-03-06T05:04:28.764Z - [WATCHER]: package.json was modified
[NX Daemon Server] - 2024-03-06T05:04:28.764Z - [WATCHER]: Processing file changes in outputs
[NX Daemon Server] - 2024-03-06T05:04:28.965Z - [REQUEST]: Updated workspace context based on watched changes, recomputing project graph...
[NX Daemon Server] - 2024-03-06T05:04:28.966Z - [REQUEST]: package.json
[NX Daemon Server] - 2024-03-06T05:04:28.966Z - [REQUEST]: 
[NX Daemon Server] - 2024-03-06T05:04:29.009Z - Time taken for 'hash changed files from watcher' 0.4517090000445023ms
[NX Daemon Server] - 2024-03-06T05:04:32.213Z - [WATCHER]: package.json was modified
[NX Daemon Server] - 2024-03-06T05:04:32.213Z - [WATCHER]: Processing file changes in outputs
[NX Daemon Server] - 2024-03-06T05:04:32.614Z - [REQUEST]: Updated workspace context based on watched changes, recomputing project graph...
[NX Daemon Server] - 2024-03-06T05:04:32.615Z - [REQUEST]: package.json
[NX Daemon Server] - 2024-03-06T05:04:32.615Z - [REQUEST]: 
[NX Daemon Server] - 2024-03-06T05:04:32.678Z - Time taken for 'hash changed files from watcher' 0.5206250000046566ms
[NX Daemon Server] - 2024-03-06T05:04:35.137Z - [WATCHER]: Processing file changes in outputs
[NX Daemon Server] - 2024-03-06T05:04:35.148Z - [WATCHER]: package.json was modified
[NX Daemon Server] - 2024-03-06T05:04:35.949Z - [REQUEST]: Updated workspace context based on watched changes, recomputing project graph...
[NX Daemon Server] - 2024-03-06T05:04:35.950Z - [REQUEST]: package.json
[NX Daemon Server] - 2024-03-06T05:04:35.950Z - [REQUEST]: 
[NX Daemon Server] - 2024-03-06T05:04:36.018Z - Time taken for 'hash changed files from watcher' 0.3992089999956079ms
[NX Daemon Server] - 2024-03-06T05:23:20.846Z - [WATCHER]: vite.config.ts was modified
[NX Daemon Server] - 2024-03-06T05:23:20.847Z - [WATCHER]: Processing file changes in outputs
[NX Daemon Server] - 2024-03-06T05:23:22.448Z - [REQUEST]: Updated workspace context based on watched changes, recomputing project graph...
[NX Daemon Server] - 2024-03-06T05:23:22.449Z - [REQUEST]: vite.config.ts
[NX Daemon Server] - 2024-03-06T05:23:22.449Z - [REQUEST]: 
[NX Daemon Server] - 2024-03-06T05:23:22.490Z - Time taken for 'hash changed files from watcher' 0.4427079998422414ms
[NX Daemon Server] - 2024-03-06T05:24:04.116Z - [WATCHER]: package.json was modified
[NX Daemon Server] - 2024-03-06T05:24:04.117Z - [WATCHER]: Processing file changes in outputs
[NX Daemon Server] - 2024-03-06T05:24:07.318Z - [REQUEST]: Updated workspace context based on watched changes, recomputing project graph...
[NX Daemon Server] - 2024-03-06T05:24:07.318Z - [REQUEST]: package.json
[NX Daemon Server] - 2024-03-06T05:24:07.319Z - [REQUEST]: 
[NX Daemon Server] - 2024-03-06T05:24:07.356Z - Time taken for 'hash changed files from watcher' 0.4959160001017153ms
[NX Daemon Server] - 2024-03-06T05:24:09.379Z - [WATCHER]: package.json was modified
[NX Daemon Server] - 2024-03-06T05:24:09.381Z - [WATCHER]: Processing file changes in outputs
[NX Daemon Server] - 2024-03-06T05:24:15.782Z - [REQUEST]: Updated workspace context based on watched changes, recomputing project graph...
[NX Daemon Server] - 2024-03-06T05:24:15.782Z - [REQUEST]: package.json
[NX Daemon Server] - 2024-03-06T05:24:15.782Z - [REQUEST]: 
[NX Daemon Server] - 2024-03-06T05:24:15.817Z - Time taken for 'hash changed files from watcher' 0.5567090001422912ms
[NX Daemon Server] - 2024-03-06T05:24:16.959Z - [WATCHER]: package.json was modified
[NX Daemon Server] - 2024-03-06T05:24:16.959Z - [WATCHER]: Processing file changes in outputs
[NX Daemon Server] - 2024-03-06T05:24:23.361Z - [REQUEST]: Updated workspace context based on watched changes, recomputing project graph...
[NX Daemon Server] - 2024-03-06T05:24:23.361Z - [REQUEST]: package.json
[NX Daemon Server] - 2024-03-06T05:24:23.361Z - [REQUEST]: 
[NX Daemon Server] - 2024-03-06T05:24:23.418Z - Time taken for 'hash changed files from watcher' 0.3686669999733567ms
[NX Daemon Server] - 2024-03-06T05:24:40.561Z - [WATCHER]: Processing file changes in outputs
[NX Daemon Server] - 2024-03-06T05:24:40.642Z - [WATCHER]: Processing file changes in outputs
[NX Daemon Server] - 2024-03-06T05:24:42.279Z - [WATCHER]: Processing file changes in outputs
[NX Daemon Server] - 2024-03-06T05:24:43.189Z - [WATCHER]: Processing file changes in outputs
[NX Daemon Server] - 2024-03-06T05:28:06.033Z - [WATCHER]: tsconfig.json was modified
[NX Daemon Server] - 2024-03-06T05:28:06.034Z - [WATCHER]: Processing file changes in outputs
[NX Daemon Server] - 2024-03-06T05:28:07.655Z - [WATCHER]: tsconfig.json was modified
[NX Daemon Server] - 2024-03-06T05:28:07.655Z - [WATCHER]: Processing file changes in outputs
[NX Daemon Server] - 2024-03-06T05:28:12.437Z - [REQUEST]: Updated workspace context based on watched changes, recomputing project graph...
[NX Daemon Server] - 2024-03-06T05:28:12.437Z - [REQUEST]: tsconfig.json
[NX Daemon Server] - 2024-03-06T05:28:12.437Z - [REQUEST]: 
[NX Daemon Server] - 2024-03-06T05:28:12.474Z - Time taken for 'hash changed files from watcher' 1.1989579999353737ms
[NX Daemon Server] - 2024-03-06T05:28:14.551Z - [WATCHER]: tsconfig.json was modified
[NX Daemon Server] - 2024-03-06T05:28:14.552Z - [WATCHER]: Processing file changes in outputs
[NX Daemon Server] - 2024-03-06T05:28:15.957Z - [WATCHER]: tsconfig.json was modified
[NX Daemon Server] - 2024-03-06T05:28:15.958Z - [WATCHER]: Processing file changes in outputs
[NX Daemon Server] - 2024-03-06T05:28:20.954Z - [REQUEST]: Updated workspace context based on watched changes, recomputing project graph...
[NX Daemon Server] - 2024-03-06T05:28:20.955Z - [REQUEST]: tsconfig.json
[NX Daemon Server] - 2024-03-06T05:28:20.955Z - [REQUEST]: 
[NX Daemon Server] - 2024-03-06T05:28:20.986Z - Time taken for 'hash changed files from watcher' 0.6065410000737756ms
[NX Daemon Server] - 2024-03-06T05:28:22.011Z - [WATCHER]: vite.config.ts was modified
[NX Daemon Server] - 2024-03-06T05:28:22.011Z - [WATCHER]: Processing file changes in outputs
[NX Daemon Server] - 2024-03-06T05:28:28.412Z - [REQUEST]: Updated workspace context based on watched changes, recomputing project graph...
[NX Daemon Server] - 2024-03-06T05:28:28.412Z - [REQUEST]: vite.config.ts
[NX Daemon Server] - 2024-03-06T05:28:28.412Z - [REQUEST]: 
[NX Daemon Server] - 2024-03-06T05:28:28.441Z - Time taken for 'hash changed files from watcher' 0.44724999996833503ms
[NX Daemon Server] - 2024-03-06T05:28:42.854Z - [WATCHER]: Processing file changes in outputs
[NX Daemon Server] - 2024-03-06T05:28:42.938Z - [WATCHER]: Processing file changes in outputs
[NX Daemon Server] - 2024-03-06T05:28:44.532Z - [WATCHER]: Processing file changes in outputs
[NX Daemon Server] - 2024-03-06T05:28:45.549Z - [WATCHER]: Processing file changes in outputs
[NX Daemon Server] - 2024-03-06T05:31:50.012Z - [WATCHER]: package.json was modified
[NX Daemon Server] - 2024-03-06T05:31:50.013Z - [WATCHER]: Processing file changes in outputs
[NX Daemon Server] - 2024-03-06T05:31:56.415Z - [REQUEST]: Updated workspace context based on watched changes, recomputing project graph...
[NX Daemon Server] - 2024-03-06T05:31:56.415Z - [REQUEST]: package.json
[NX Daemon Server] - 2024-03-06T05:31:56.415Z - [REQUEST]: 
[NX Daemon Server] - 2024-03-06T05:31:56.444Z - Time taken for 'hash changed files from watcher' 0.2669170000590384ms
[NX Daemon Server] - 2024-03-06T05:32:06.507Z - [WATCHER]: tsconfig.json was modified
[NX Daemon Server] - 2024-03-06T05:32:06.507Z - [WATCHER]: Processing file changes in outputs
[NX Daemon Server] - 2024-03-06T05:32:12.908Z - [REQUEST]: Updated workspace context based on watched changes, recomputing project graph...
[NX Daemon Server] - 2024-03-06T05:32:12.909Z - [REQUEST]: tsconfig.json
[NX Daemon Server] - 2024-03-06T05:32:12.909Z - [REQUEST]: 
[NX Daemon Server] - 2024-03-06T05:32:12.942Z - Time taken for 'hash changed files from watcher' 0.33970799995586276ms
[NX Daemon Server] - 2024-03-06T05:32:28.294Z - [WATCHER]: Processing file changes in outputs
[NX Daemon Server] - 2024-03-06T05:32:28.365Z - [WATCHER]: Processing file changes in outputs
[NX Daemon Server] - 2024-03-06T05:32:29.929Z - [WATCHER]: Processing file changes in outputs
[NX Daemon Server] - 2024-03-06T05:32:30.849Z - [WATCHER]: Processing file changes in outputs
[NX Daemon Server] - 2024-03-06T05:32:49.821Z - [WATCHER]: Processing file changes in outputs
[NX Daemon Server] - 2024-03-06T05:32:49.896Z - [WATCHER]: Processing file changes in outputs
[NX Daemon Server] - 2024-03-06T05:32:51.420Z - [WATCHER]: Processing file changes in outputs
[NX Daemon Server] - 2024-03-06T05:32:52.327Z - [WATCHER]: Processing file changes in outputs
[NX Daemon Server] - 2024-03-06T05:34:35.724Z - [WATCHER]: src/env.d.ts was deleted
[NX Daemon Server] - 2024-03-06T05:34:35.725Z - [WATCHER]: Processing file changes in outputs
[NX Daemon Server] - 2024-03-06T05:34:42.125Z - [REQUEST]: Updated workspace context based on watched changes, recomputing project graph...
[NX Daemon Server] - 2024-03-06T05:34:42.125Z - [REQUEST]: 
[NX Daemon Server] - 2024-03-06T05:34:42.125Z - [REQUEST]: src/env.d.ts
[NX Daemon Server] - 2024-03-06T05:34:42.155Z - Time taken for 'hash changed files from watcher' 0.1326670004054904ms
[NX Daemon Server] - 2024-03-06T05:35:11.714Z - [WATCHER]: src/styleEvaluator/evaluator/simple/expression/expression.ts was modified
[NX Daemon Server] - 2024-03-06T05:35:11.715Z - [WATCHER]: Processing file changes in outputs
[NX Daemon Server] - 2024-03-06T05:35:12.966Z - [WATCHER]: src/styleEvaluator/evaluator/simple/expression/expression.ts was modified
[NX Daemon Server] - 2024-03-06T05:35:12.966Z - [WATCHER]: Processing file changes in outputs
[NX Daemon Server] - 2024-03-06T05:35:18.116Z - [REQUEST]: Updated workspace context based on watched changes, recomputing project graph...
[NX Daemon Server] - 2024-03-06T05:35:18.116Z - [REQUEST]: src/styleEvaluator/evaluator/simple/expression/expression.ts
[NX Daemon Server] - 2024-03-06T05:35:18.116Z - [REQUEST]: 
[NX Daemon Server] - 2024-03-06T05:35:18.153Z - Time taken for 'hash changed files from watcher' 0.43974999990314245ms
[NX Daemon Server] - 2024-03-06T05:36:12.179Z - [WATCHER]: src/styleEvaluator/evaluator/simple/expression/expression.ts was modified
[NX Daemon Server] - 2024-03-06T05:36:12.180Z - [WATCHER]: Processing file changes in outputs
[NX Daemon Server] - 2024-03-06T05:36:18.581Z - [REQUEST]: Updated workspace context based on watched changes, recomputing project graph...
[NX Daemon Server] - 2024-03-06T05:36:18.581Z - [REQUEST]: src/styleEvaluator/evaluator/simple/expression/expression.ts
[NX Daemon Server] - 2024-03-06T05:36:18.581Z - [REQUEST]: 
[NX Daemon Server] - 2024-03-06T05:36:18.594Z - Time taken for 'hash changed files from watcher' 0.13895800011232495ms
[NX Daemon Server] - 2024-03-06T05:36:23.396Z - [WATCHER]: Processing file changes in outputs
[NX Daemon Server] - 2024-03-06T05:36:23.464Z - [WATCHER]: Processing file changes in outputs
[NX Daemon Server] - 2024-03-06T05:36:24.968Z - [WATCHER]: Processing file changes in outputs
[NX Daemon Server] - 2024-03-06T05:36:25.890Z - [WATCHER]: Processing file changes in outputs
[NX Daemon Server] - 2024-03-06T05:38:43.309Z - [WATCHER]: Processing file changes in outputs
[NX Daemon Server] - 2024-03-06T05:38:43.313Z - [WATCHER]: 0 file(s) created or restored, 1 file(s) modified, 1 file(s) deleted
[NX Daemon Server] - 2024-03-06T05:38:44.688Z - [WATCHER]: src/index.ts was modified
[NX Daemon Server] - 2024-03-06T05:38:44.689Z - [WATCHER]: Processing file changes in outputs
[NX Daemon Server] - 2024-03-06T05:38:49.714Z - [REQUEST]: Updated workspace context based on watched changes, recomputing project graph...
[NX Daemon Server] - 2024-03-06T05:38:49.714Z - [REQUEST]: src/imageryProvider.ts,src/index.ts
[NX Daemon Server] - 2024-03-06T05:38:49.714Z - [REQUEST]: src/VectorImageryProvider.ts
[NX Daemon Server] - 2024-03-06T05:38:49.742Z - Time taken for 'hash changed files from watcher' 0.30683299992233515ms
[NX Daemon Server] - 2024-03-06T05:38:58.185Z - [WATCHER]: src/index.ts was modified
[NX Daemon Server] - 2024-03-06T05:38:58.185Z - [WATCHER]: Processing file changes in outputs
[NX Daemon Server] - 2024-03-06T05:39:04.588Z - [REQUEST]: Updated workspace context based on watched changes, recomputing project graph...
[NX Daemon Server] - 2024-03-06T05:39:04.588Z - [REQUEST]: src/index.ts
[NX Daemon Server] - 2024-03-06T05:39:04.588Z - [REQUEST]: 
[NX Daemon Server] - 2024-03-06T05:39:04.626Z - Time taken for 'hash changed files from watcher' 0.529124999884516ms
[NX Daemon Server] - 2024-03-06T05:39:22.207Z - [WATCHER]: tsconfig.json was modified
[NX Daemon Server] - 2024-03-06T05:39:22.208Z - [WATCHER]: Processing file changes in outputs
[NX Daemon Server] - 2024-03-06T05:39:28.608Z - [REQUEST]: Updated workspace context based on watched changes, recomputing project graph...
[NX Daemon Server] - 2024-03-06T05:39:28.609Z - [REQUEST]: tsconfig.json
[NX Daemon Server] - 2024-03-06T05:39:28.609Z - [REQUEST]: 
[NX Daemon Server] - 2024-03-06T05:39:28.644Z - Time taken for 'hash changed files from watcher' 0.5397910000756383ms
[NX Daemon Server] - 2024-03-06T05:39:45.830Z - [WATCHER]: vite.config.ts was modified
[NX Daemon Server] - 2024-03-06T05:39:45.831Z - [WATCHER]: Processing file changes in outputs
[NX Daemon Server] - 2024-03-06T05:39:52.232Z - [REQUEST]: Updated workspace context based on watched changes, recomputing project graph...
[NX Daemon Server] - 2024-03-06T05:39:52.233Z - [REQUEST]: vite.config.ts
[NX Daemon Server] - 2024-03-06T05:39:52.233Z - [REQUEST]: 
[NX Daemon Server] - 2024-03-06T05:39:52.262Z - Time taken for 'hash changed files from watcher' 0.48875000001862645ms
[NX Daemon Server] - 2024-03-06T05:41:43.859Z - [WATCHER]: src/styleEvaluator/types/index.ts was modified
[NX Daemon Server] - 2024-03-06T05:41:43.861Z - [WATCHER]: Processing file changes in outputs
[NX Daemon Server] - 2024-03-06T05:41:49.891Z - [WATCHER]: src/types.ts was modified
[NX Daemon Server] - 2024-03-06T05:41:49.892Z - [WATCHER]: Processing file changes in outputs
[NX Daemon Server] - 2024-03-06T05:41:50.263Z - [REQUEST]: Updated workspace context based on watched changes, recomputing project graph...
[NX Daemon Server] - 2024-03-06T05:41:50.264Z - [REQUEST]: src/styleEvaluator/types/index.ts,src/types.ts
[NX Daemon Server] - 2024-03-06T05:41:50.264Z - [REQUEST]: 
[NX Daemon Server] - 2024-03-06T05:41:50.301Z - Time taken for 'hash changed files from watcher' 0.753082999959588ms
[NX Daemon Server] - 2024-03-06T05:41:54.027Z - [WATCHER]: src/types.ts was modified
[NX Daemon Server] - 2024-03-06T05:41:54.028Z - [WATCHER]: Processing file changes in outputs
[NX Daemon Server] - 2024-03-06T05:42:00.429Z - [REQUEST]: Updated workspace context based on watched changes, recomputing project graph...
[NX Daemon Server] - 2024-03-06T05:42:00.430Z - [REQUEST]: src/types.ts
[NX Daemon Server] - 2024-03-06T05:42:00.430Z - [REQUEST]: 
[NX Daemon Server] - 2024-03-06T05:42:00.466Z - Time taken for 'hash changed files from watcher' 0.534959000069648ms
[NX Daemon Server] - 2024-03-06T05:42:02.756Z - [WATCHER]: src/types.ts was modified
[NX Daemon Server] - 2024-03-06T05:42:02.756Z - [WATCHER]: Processing file changes in outputs
[NX Daemon Server] - 2024-03-06T05:42:08.373Z - [WATCHER]: src/types.ts was modified
[NX Daemon Server] - 2024-03-06T05:42:08.374Z - [WATCHER]: Processing file changes in outputs
[NX Daemon Server] - 2024-03-06T05:42:09.157Z - [REQUEST]: Updated workspace context based on watched changes, recomputing project graph...
[NX Daemon Server] - 2024-03-06T05:42:09.158Z - [REQUEST]: src/types.ts
[NX Daemon Server] - 2024-03-06T05:42:09.158Z - [REQUEST]: 
[NX Daemon Server] - 2024-03-06T05:42:09.192Z - Time taken for 'hash changed files from watcher' 0.38149999966844916ms
[NX Daemon Server] - 2024-03-06T05:42:13.262Z - [WATCHER]: src/types.ts was modified
[NX Daemon Server] - 2024-03-06T05:42:13.263Z - [WATCHER]: Processing file changes in outputs
[NX Daemon Server] - 2024-03-06T05:42:19.664Z - [REQUEST]: Updated workspace context based on watched changes, recomputing project graph...
[NX Daemon Server] - 2024-03-06T05:42:19.665Z - [REQUEST]: src/types.ts
[NX Daemon Server] - 2024-03-06T05:42:19.665Z - [REQUEST]: 
[NX Daemon Server] - 2024-03-06T05:42:19.722Z - Time taken for 'hash changed files from watcher' 0.2749169999733567ms
[NX Daemon Server] - 2024-03-06T05:42:21.971Z - [WATCHER]: src/styleEvaluator/types/index.ts was modified
[NX Daemon Server] - 2024-03-06T05:42:21.971Z - [WATCHER]: Processing file changes in outputs
[NX Daemon Server] - 2024-03-06T05:42:28.360Z - [WATCHER]: src/styleEvaluator/types/index.ts was modified
[NX Daemon Server] - 2024-03-06T05:42:28.360Z - [WATCHER]: Processing file changes in outputs
[NX Daemon Server] - 2024-03-06T05:42:28.373Z - [REQUEST]: Updated workspace context based on watched changes, recomputing project graph...
[NX Daemon Server] - 2024-03-06T05:42:28.373Z - [REQUEST]: src/styleEvaluator/types/index.ts
[NX Daemon Server] - 2024-03-06T05:42:28.373Z - [REQUEST]: 
[NX Daemon Server] - 2024-03-06T05:42:28.410Z - Time taken for 'hash changed files from watcher' 0.5173329999670386ms
[NX Daemon Server] - 2024-03-06T05:42:39.112Z - [WATCHER]: src/types.ts was modified
[NX Daemon Server] - 2024-03-06T05:42:39.112Z - [WATCHER]: Processing file changes in outputs
[NX Daemon Server] - 2024-03-06T05:42:45.515Z - [REQUEST]: Updated workspace context based on watched changes, recomputing project graph...
[NX Daemon Server] - 2024-03-06T05:42:45.515Z - [REQUEST]: src/types.ts
[NX Daemon Server] - 2024-03-06T05:42:45.515Z - [REQUEST]: 
[NX Daemon Server] - 2024-03-06T05:42:45.553Z - Time taken for 'hash changed files from watcher' 0.8542909999378026ms
[NX Daemon Server] - 2024-03-06T05:47:32.654Z - [WATCHER]: src/RenderWorker.ts was modified
[NX Daemon Server] - 2024-03-06T05:47:32.655Z - [WATCHER]: Processing file changes in outputs
[NX Daemon Server] - 2024-03-06T05:47:35.963Z - [WATCHER]: src/RenderWorker.ts was modified
[NX Daemon Server] - 2024-03-06T05:47:35.963Z - [WATCHER]: Processing file changes in outputs
[NX Daemon Server] - 2024-03-06T05:47:38.061Z - [WATCHER]: src/RenderWorker.ts was modified
[NX Daemon Server] - 2024-03-06T05:47:38.071Z - [WATCHER]: Processing file changes in outputs
[NX Daemon Server] - 2024-03-06T05:47:39.056Z - [REQUEST]: Updated workspace context based on watched changes, recomputing project graph...
[NX Daemon Server] - 2024-03-06T05:47:39.056Z - [REQUEST]: src/RenderWorker.ts
[NX Daemon Server] - 2024-03-06T05:47:39.056Z - [REQUEST]: 
[NX Daemon Server] - 2024-03-06T05:47:39.092Z - Time taken for 'hash changed files from watcher' 0.4428329998627305ms
[NX Daemon Server] - 2024-03-06T05:48:45.181Z - [WATCHER]: src/types.ts was modified
[NX Daemon Server] - 2024-03-06T05:48:45.182Z - [WATCHER]: Processing file changes in outputs
[NX Daemon Server] - 2024-03-06T05:48:49.422Z - [WATCHER]: src/types.ts was modified
[NX Daemon Server] - 2024-03-06T05:48:49.422Z - [WATCHER]: Processing file changes in outputs
[NX Daemon Server] - 2024-03-06T05:48:51.582Z - [REQUEST]: Updated workspace context based on watched changes, recomputing project graph...
[NX Daemon Server] - 2024-03-06T05:48:51.583Z - [REQUEST]: src/types.ts
[NX Daemon Server] - 2024-03-06T05:48:51.583Z - [REQUEST]: 
[NX Daemon Server] - 2024-03-06T05:48:51.616Z - Time taken for 'hash changed files from watcher' 0.38145900005474687ms
[NX Daemon Server] - 2024-03-06T05:49:05.491Z - [WATCHER]: Processing file changes in outputs
[NX Daemon Server] - 2024-03-06T05:49:05.546Z - [WATCHER]: Processing file changes in outputs
[NX Daemon Server] - 2024-03-06T05:49:05.637Z - [WATCHER]: Processing file changes in outputs
[NX Daemon Server] - 2024-03-06T05:49:06.840Z - [WATCHER]: Processing file changes in outputs
[NX Daemon Server] - 2024-03-06T05:49:07.604Z - [WATCHER]: Processing file changes in outputs
[NX Daemon Server] - 2024-03-06T05:51:11.149Z - [WATCHER]: package.json was modified
[NX Daemon Server] - 2024-03-06T05:51:11.150Z - [WATCHER]: Processing file changes in outputs
[NX Daemon Server] - 2024-03-06T05:51:14.570Z - [WATCHER]: package.json was modified
[NX Daemon Server] - 2024-03-06T05:51:14.571Z - [WATCHER]: Processing file changes in outputs
[NX Daemon Server] - 2024-03-06T05:51:16.316Z - [WATCHER]: package.json was modified
[NX Daemon Server] - 2024-03-06T05:51:16.316Z - [WATCHER]: Processing file changes in outputs
[NX Daemon Server] - 2024-03-06T05:51:17.552Z - [REQUEST]: Updated workspace context based on watched changes, recomputing project graph...
[NX Daemon Server] - 2024-03-06T05:51:17.552Z - [REQUEST]: package.json
[NX Daemon Server] - 2024-03-06T05:51:17.552Z - [REQUEST]: 
[NX Daemon Server] - 2024-03-06T05:51:17.623Z - Time taken for 'hash changed files from watcher' 0.46591699961572886ms
[NX Daemon Server] - 2024-03-06T05:51:27.693Z - [WATCHER]: package.json was modified
[NX Daemon Server] - 2024-03-06T05:51:27.693Z - [WATCHER]: Processing file changes in outputs
[NX Daemon Server] - 2024-03-06T05:51:34.095Z - [REQUEST]: Updated workspace context based on watched changes, recomputing project graph...
[NX Daemon Server] - 2024-03-06T05:51:34.095Z - [REQUEST]: package.json
[NX Daemon Server] - 2024-03-06T05:51:34.095Z - [REQUEST]: 
[NX Daemon Server] - 2024-03-06T05:51:34.164Z - Time taken for 'hash changed files from watcher' 0.3925000000745058ms
[NX Daemon Server] - 2024-03-06T05:51:40.395Z - [WATCHER]: package.json was modified
[NX Daemon Server] - 2024-03-06T05:51:40.395Z - [WATCHER]: Processing file changes in outputs
[NX Daemon Server] - 2024-03-06T05:51:44.119Z - [WATCHER]: package.json was modified
[NX Daemon Server] - 2024-03-06T05:51:44.120Z - [WATCHER]: Processing file changes in outputs
[NX Daemon Server] - 2024-03-06T05:51:46.199Z - [WATCHER]: package.json was modified
[NX Daemon Server] - 2024-03-06T05:51:46.199Z - [WATCHER]: Processing file changes in outputs
[NX Daemon Server] - 2024-03-06T05:51:46.797Z - [REQUEST]: Updated workspace context based on watched changes, recomputing project graph...
[NX Daemon Server] - 2024-03-06T05:51:46.797Z - [REQUEST]: package.json
[NX Daemon Server] - 2024-03-06T05:51:46.797Z - [REQUEST]: 
[NX Daemon Server] - 2024-03-06T05:51:46.853Z - Time taken for 'hash changed files from watcher' 0.42733299965038896ms
[NX Daemon Server] - 2024-03-06T05:52:01.123Z - [WATCHER]: .eslintrc.json was deleted
[NX Daemon Server] - 2024-03-06T05:52:01.124Z - [WATCHER]: Processing file changes in outputs
[NX Daemon Server] - 2024-03-06T05:52:07.219Z - [WATCHER]: .gitignore was modified
[NX Daemon Server] - 2024-03-06T05:52:07.219Z - [WATCHER]: Processing file changes in outputs
[NX Daemon Server] - 2024-03-06T05:52:07.220Z - [WATCHER]: Stopping the watcher for /Users/dexter/active/cesium-mvt-imagery-provider (sources)
[NX Daemon Server] - 2024-03-06T05:52:07.220Z - [WATCHER]: Stopping the watcher for /Users/dexter/active/cesium-mvt-imagery-provider (outputs)
[NX Daemon Server] - 2024-03-06T05:52:07.220Z - Server stopped because: "Stopping the daemon the set of ignored files changed (native)"
